Performing C SOURCE FILE Test CMAKE_HAVE_LIBC_PTHREAD failed with the following output:
Change Dir: /home/duzhong/dzacs/build/CMakeFiles/CMakeTmp

Run Build Command(s):/usr/bin/make cmTC_bc279/fast && /usr/bin/make -f CMakeFiles/cmTC_bc279.dir/build.make CMakeFiles/cmTC_bc279.dir/build
make[1]: Entering directory '/home/duzhong/dzacs/build/CMakeFiles/CMakeTmp'
Building C object CMakeFiles/cmTC_bc279.dir/src.c.o
/usr/bin/cc   -DCMAKE_HAVE_LIBC_PTHREAD   -o CMakeFiles/cmTC_bc279.dir/src.c.o   -c /home/duzhong/dzacs/build/CMakeFiles/CMakeTmp/src.c
Linking C executable cmTC_bc279
/usr/bin/cmake -E cmake_link_script CMakeFiles/cmTC_bc279.dir/link.txt --verbose=1
/usr/bin/cc  -DCMAKE_HAVE_LIBC_PTHREAD    -rdynamic CMakeFiles/cmTC_bc279.dir/src.c.o  -o cmTC_bc279 
/usr/bin/ld: CMakeFiles/cmTC_bc279.dir/src.c.o: in function `main':
src.c:(.text+0x48): undefined reference to `pthread_create'
/usr/bin/ld: src.c:(.text+0x50): undefined reference to `pthread_detach'
/usr/bin/ld: src.c:(.text+0x5c): undefined reference to `pthread_join'
collect2: error: ld returned 1 exit status
make[1]: *** [CMakeFiles/cmTC_bc279.dir/build.make:87: cmTC_bc279] Error 1
make[1]: Leaving directory '/home/duzhong/dzacs/build/CMakeFiles/CMakeTmp'
make: *** [Makefile:121: cmTC_bc279/fast] Error 2


Source file was:
#include <pthread.h>

void* test_func(void* data)
{
  return data;
}

int main(void)
{
  pthread_t thread;
  pthread_create(&thread, NULL, test_func, NULL);
  pthread_detach(thread);
  pthread_join(thread, NULL);
  pthread_atfork(NULL, NULL, NULL);
  pthread_exit(NULL);

  return 0;
}

Determining if the function pthread_create exists in the pthreads failed with the following output:
Change Dir: /home/duzhong/dzacs/build/CMakeFiles/CMakeTmp

Run Build Command(s):/usr/bin/make cmTC_faf77/fast && /usr/bin/make -f CMakeFiles/cmTC_faf77.dir/build.make CMakeFiles/cmTC_faf77.dir/build
make[1]: Entering directory '/home/duzhong/dzacs/build/CMakeFiles/CMakeTmp'
Building C object CMakeFiles/cmTC_faf77.dir/CheckFunctionExists.c.o
/usr/bin/cc   -DCHECK_FUNCTION_EXISTS=pthread_create   -o CMakeFiles/cmTC_faf77.dir/CheckFunctionExists.c.o   -c /usr/share/cmake-3.16/Modules/CheckFunctionExists.c
Linking C executable cmTC_faf77
/usr/bin/cmake -E cmake_link_script CMakeFiles/cmTC_faf77.dir/link.txt --verbose=1
/usr/bin/cc  -DCHECK_FUNCTION_EXISTS=pthread_create    -rdynamic CMakeFiles/cmTC_faf77.dir/CheckFunctionExists.c.o  -o cmTC_faf77  -lpthreads 
/usr/bin/ld: cannot find -lpthreads
collect2: error: ld returned 1 exit status
make[1]: *** [CMakeFiles/cmTC_faf77.dir/build.make:87: cmTC_faf77] Error 1
make[1]: Leaving directory '/home/duzhong/dzacs/build/CMakeFiles/CMakeTmp'
make: *** [Makefile:121: cmTC_faf77/fast] Error 2



Performing C SOURCE FILE Test CMAKE_HAVE_LIBC_PTHREAD failed with the following output:
Change Dir: /home/duzhong/dzacs/build/CMakeFiles/CMakeTmp

Run Build Command(s):/usr/bin/make cmTC_24e6f/fast && make[1]: Entering directory '/home/duzhong/dzacs/build/CMakeFiles/CMakeTmp'
/usr/bin/make -f CMakeFiles/cmTC_24e6f.dir/build.make CMakeFiles/cmTC_24e6f.dir/build
make[2]: Entering directory '/home/duzhong/dzacs/build/CMakeFiles/CMakeTmp'
Building C object CMakeFiles/cmTC_24e6f.dir/src.c.o
/usr/bin/cc   -DCMAKE_HAVE_LIBC_PTHREAD   -o CMakeFiles/cmTC_24e6f.dir/src.c.o   -c /home/duzhong/dzacs/build/CMakeFiles/CMakeTmp/src.c
Linking C executable cmTC_24e6f
/usr/bin/cmake -E cmake_link_script CMakeFiles/cmTC_24e6f.dir/link.txt --verbose=1
/usr/bin/cc  -DCMAKE_HAVE_LIBC_PTHREAD    -rdynamic CMakeFiles/cmTC_24e6f.dir/src.c.o  -o cmTC_24e6f 
/usr/bin/ld: CMakeFiles/cmTC_24e6f.dir/src.c.o: in function `main':
src.c:(.text+0x48): undefined reference to `pthread_create'
/usr/bin/ld: src.c:(.text+0x50): undefined reference to `pthread_detach'
/usr/bin/ld: src.c:(.text+0x5c): undefined reference to `pthread_join'
collect2: error: ld returned 1 exit status
make[2]: *** [CMakeFiles/cmTC_24e6f.dir/build.make:87: cmTC_24e6f] Error 1
make[2]: Leaving directory '/home/duzhong/dzacs/build/CMakeFiles/CMakeTmp'
make[1]: *** [Makefile:121: cmTC_24e6f/fast] Error 2
make[1]: Leaving directory '/home/duzhong/dzacs/build/CMakeFiles/CMakeTmp'


Source file was:
#include <pthread.h>

void* test_func(void* data)
{
  return data;
}

int main(void)
{
  pthread_t thread;
  pthread_create(&thread, NULL, test_func, NULL);
  pthread_detach(thread);
  pthread_join(thread, NULL);
  pthread_atfork(NULL, NULL, NULL);
  pthread_exit(NULL);

  return 0;
}

Determining if the function pthread_create exists in the pthreads failed with the following output:
Change Dir: /home/duzhong/dzacs/build/CMakeFiles/CMakeTmp

Run Build Command(s):/usr/bin/make cmTC_0a889/fast && make[1]: Entering directory '/home/duzhong/dzacs/build/CMakeFiles/CMakeTmp'
/usr/bin/make -f CMakeFiles/cmTC_0a889.dir/build.make CMakeFiles/cmTC_0a889.dir/build
make[2]: Entering directory '/home/duzhong/dzacs/build/CMakeFiles/CMakeTmp'
Building C object CMakeFiles/cmTC_0a889.dir/CheckFunctionExists.c.o
/usr/bin/cc   -DCHECK_FUNCTION_EXISTS=pthread_create   -o CMakeFiles/cmTC_0a889.dir/CheckFunctionExists.c.o   -c /usr/share/cmake-3.16/Modules/CheckFunctionExists.c
Linking C executable cmTC_0a889
/usr/bin/cmake -E cmake_link_script CMakeFiles/cmTC_0a889.dir/link.txt --verbose=1
/usr/bin/cc  -DCHECK_FUNCTION_EXISTS=pthread_create    -rdynamic CMakeFiles/cmTC_0a889.dir/CheckFunctionExists.c.o  -o cmTC_0a889  -lpthreads 
/usr/bin/ld: cannot find -lpthreads
collect2: error: ld returned 1 exit status
make[2]: *** [CMakeFiles/cmTC_0a889.dir/build.make:87: cmTC_0a889] Error 1
make[2]: Leaving directory '/home/duzhong/dzacs/build/CMakeFiles/CMakeTmp'
make[1]: *** [Makefile:121: cmTC_0a889/fast] Error 2
make[1]: Leaving directory '/home/duzhong/dzacs/build/CMakeFiles/CMakeTmp'



Performing C SOURCE FILE Test CMAKE_HAVE_LIBC_PTHREAD failed with the following output:
Change Dir: /home/duzhong/dzacs/build/CMakeFiles/CMakeTmp

Run Build Command(s):/usr/bin/make cmTC_3bf64/fast && make[1]: Entering directory '/home/duzhong/dzacs/build/CMakeFiles/CMakeTmp'
/usr/bin/make -f CMakeFiles/cmTC_3bf64.dir/build.make CMakeFiles/cmTC_3bf64.dir/build
make[2]: Entering directory '/home/duzhong/dzacs/build/CMakeFiles/CMakeTmp'
Building C object CMakeFiles/cmTC_3bf64.dir/src.c.o
/usr/bin/cc   -DCMAKE_HAVE_LIBC_PTHREAD   -o CMakeFiles/cmTC_3bf64.dir/src.c.o   -c /home/duzhong/dzacs/build/CMakeFiles/CMakeTmp/src.c
Linking C executable cmTC_3bf64
/usr/bin/cmake -E cmake_link_script CMakeFiles/cmTC_3bf64.dir/link.txt --verbose=1
/usr/bin/cc  -DCMAKE_HAVE_LIBC_PTHREAD    -rdynamic CMakeFiles/cmTC_3bf64.dir/src.c.o  -o cmTC_3bf64 
/usr/bin/ld: CMakeFiles/cmTC_3bf64.dir/src.c.o: in function `main':
src.c:(.text+0x48): undefined reference to `pthread_create'
/usr/bin/ld: src.c:(.text+0x50): undefined reference to `pthread_detach'
/usr/bin/ld: src.c:(.text+0x5c): undefined reference to `pthread_join'
collect2: error: ld returned 1 exit status
make[2]: *** [CMakeFiles/cmTC_3bf64.dir/build.make:87: cmTC_3bf64] Error 1
make[2]: Leaving directory '/home/duzhong/dzacs/build/CMakeFiles/CMakeTmp'
make[1]: *** [Makefile:121: cmTC_3bf64/fast] Error 2
make[1]: Leaving directory '/home/duzhong/dzacs/build/CMakeFiles/CMakeTmp'


Source file was:
#include <pthread.h>

void* test_func(void* data)
{
  return data;
}

int main(void)
{
  pthread_t thread;
  pthread_create(&thread, NULL, test_func, NULL);
  pthread_detach(thread);
  pthread_join(thread, NULL);
  pthread_atfork(NULL, NULL, NULL);
  pthread_exit(NULL);

  return 0;
}

Determining if the function pthread_create exists in the pthreads failed with the following output:
Change Dir: /home/duzhong/dzacs/build/CMakeFiles/CMakeTmp

Run Build Command(s):/usr/bin/make cmTC_e94fb/fast && make[1]: Entering directory '/home/duzhong/dzacs/build/CMakeFiles/CMakeTmp'
/usr/bin/make -f CMakeFiles/cmTC_e94fb.dir/build.make CMakeFiles/cmTC_e94fb.dir/build
make[2]: Entering directory '/home/duzhong/dzacs/build/CMakeFiles/CMakeTmp'
Building C object CMakeFiles/cmTC_e94fb.dir/CheckFunctionExists.c.o
/usr/bin/cc   -DCHECK_FUNCTION_EXISTS=pthread_create   -o CMakeFiles/cmTC_e94fb.dir/CheckFunctionExists.c.o   -c /usr/share/cmake-3.16/Modules/CheckFunctionExists.c
Linking C executable cmTC_e94fb
/usr/bin/cmake -E cmake_link_script CMakeFiles/cmTC_e94fb.dir/link.txt --verbose=1
/usr/bin/cc  -DCHECK_FUNCTION_EXISTS=pthread_create    -rdynamic CMakeFiles/cmTC_e94fb.dir/CheckFunctionExists.c.o  -o cmTC_e94fb  -lpthreads 
/usr/bin/ld: cannot find -lpthreads
collect2: error: ld returned 1 exit status
make[2]: *** [CMakeFiles/cmTC_e94fb.dir/build.make:87: cmTC_e94fb] Error 1
make[2]: Leaving directory '/home/duzhong/dzacs/build/CMakeFiles/CMakeTmp'
make[1]: *** [Makefile:121: cmTC_e94fb/fast] Error 2
make[1]: Leaving directory '/home/duzhong/dzacs/build/CMakeFiles/CMakeTmp'



Performing C SOURCE FILE Test CMAKE_HAVE_LIBC_PTHREAD failed with the following output:
Change Dir: /home/duzhong/dzacs/build/CMakeFiles/CMakeTmp

Run Build Command(s):/usr/bin/make cmTC_2c95b/fast && make[1]: Entering directory '/home/duzhong/dzacs/build/CMakeFiles/CMakeTmp'
/usr/bin/make -f CMakeFiles/cmTC_2c95b.dir/build.make CMakeFiles/cmTC_2c95b.dir/build
make[2]: Entering directory '/home/duzhong/dzacs/build/CMakeFiles/CMakeTmp'
Building C object CMakeFiles/cmTC_2c95b.dir/src.c.o
/usr/bin/cc   -DCMAKE_HAVE_LIBC_PTHREAD   -o CMakeFiles/cmTC_2c95b.dir/src.c.o   -c /home/duzhong/dzacs/build/CMakeFiles/CMakeTmp/src.c
Linking C executable cmTC_2c95b
/usr/bin/cmake -E cmake_link_script CMakeFiles/cmTC_2c95b.dir/link.txt --verbose=1
/usr/bin/cc  -DCMAKE_HAVE_LIBC_PTHREAD    -rdynamic CMakeFiles/cmTC_2c95b.dir/src.c.o  -o cmTC_2c95b 
/usr/bin/ld: CMakeFiles/cmTC_2c95b.dir/src.c.o: in function `main':
src.c:(.text+0x48): undefined reference to `pthread_create'
/usr/bin/ld: src.c:(.text+0x50): undefined reference to `pthread_detach'
/usr/bin/ld: src.c:(.text+0x5c): undefined reference to `pthread_join'
collect2: error: ld returned 1 exit status
make[2]: *** [CMakeFiles/cmTC_2c95b.dir/build.make:87: cmTC_2c95b] Error 1
make[2]: Leaving directory '/home/duzhong/dzacs/build/CMakeFiles/CMakeTmp'
make[1]: *** [Makefile:121: cmTC_2c95b/fast] Error 2
make[1]: Leaving directory '/home/duzhong/dzacs/build/CMakeFiles/CMakeTmp'


Source file was:
#include <pthread.h>

void* test_func(void* data)
{
  return data;
}

int main(void)
{
  pthread_t thread;
  pthread_create(&thread, NULL, test_func, NULL);
  pthread_detach(thread);
  pthread_join(thread, NULL);
  pthread_atfork(NULL, NULL, NULL);
  pthread_exit(NULL);

  return 0;
}

Determining if the function pthread_create exists in the pthreads failed with the following output:
Change Dir: /home/duzhong/dzacs/build/CMakeFiles/CMakeTmp

Run Build Command(s):/usr/bin/make cmTC_38b6e/fast && make[1]: Entering directory '/home/duzhong/dzacs/build/CMakeFiles/CMakeTmp'
/usr/bin/make -f CMakeFiles/cmTC_38b6e.dir/build.make CMakeFiles/cmTC_38b6e.dir/build
make[2]: Entering directory '/home/duzhong/dzacs/build/CMakeFiles/CMakeTmp'
Building C object CMakeFiles/cmTC_38b6e.dir/CheckFunctionExists.c.o
/usr/bin/cc   -DCHECK_FUNCTION_EXISTS=pthread_create   -o CMakeFiles/cmTC_38b6e.dir/CheckFunctionExists.c.o   -c /usr/share/cmake-3.16/Modules/CheckFunctionExists.c
Linking C executable cmTC_38b6e
/usr/bin/cmake -E cmake_link_script CMakeFiles/cmTC_38b6e.dir/link.txt --verbose=1
/usr/bin/cc  -DCHECK_FUNCTION_EXISTS=pthread_create    -rdynamic CMakeFiles/cmTC_38b6e.dir/CheckFunctionExists.c.o  -o cmTC_38b6e  -lpthreads 
/usr/bin/ld: cannot find -lpthreads
collect2: error: ld returned 1 exit status
make[2]: *** [CMakeFiles/cmTC_38b6e.dir/build.make:87: cmTC_38b6e] Error 1
make[2]: Leaving directory '/home/duzhong/dzacs/build/CMakeFiles/CMakeTmp'
make[1]: *** [Makefile:121: cmTC_38b6e/fast] Error 2
make[1]: Leaving directory '/home/duzhong/dzacs/build/CMakeFiles/CMakeTmp'



